[debug] [2025-09-02T19:18:08.687Z] ----------------------------------------------------------------------
[debug] [2025-09-02T19:18:08.693Z] Command:       /usr/local/bin/node /Users/nitailevi/.npm/_npx/7750544ccf494d8b/node_modules/.bin/firebase init hosting
[debug] [2025-09-02T19:18:08.694Z] CLI Version:   14.15.1
[debug] [2025-09-02T19:18:08.694Z] Platform:      darwin
[debug] [2025-09-02T19:18:08.694Z] Node Version:  v22.16.0
[debug] [2025-09-02T19:18:08.695Z] Time:          Tue Sep 02 2025 22:18:08 GMT+0300 (Israel Daylight Time)
[debug] [2025-09-02T19:18:08.695Z] ----------------------------------------------------------------------
[debug] 
[debug] [2025-09-02T19:18:08.983Z] > command requires scopes: ["email","openid","https://www.googleapis.com/auth/cloudplatformprojects.readonly","https://www.googleapis.com/auth/firebase","https://www.googleapis.com/auth/cloud-platform"]
[debug] [2025-09-02T19:18:08.984Z] > authorizing via signed-in user (nitailevi@gmail.com)
[info] 
     ######## #### ########  ######## ########     ###     ######  ########
     ##        ##  ##     ## ##       ##     ##  ##   ##  ##       ##
     ######    ##  ########  ######   ########  #########  ######  ######
     ##        ##  ##    ##  ##       ##     ## ##     ##       ## ##
     ##       #### ##     ## ######## ########  ##     ##  ######  ########

You're about to initialize a Firebase project in this directory:

  /Users/nitailevi/dev/yooz-target-drop

[info] 
=== Project Setup
[info] 
[info] First, let's associate this project directory with a Firebase project.
[info] You can create multiple project aliases by running firebase use --add, 
[info] but for now we'll just set up a default project.
[info] 
[debug] [2025-09-02T19:18:16.480Z] Checked if tokens are valid: true, expires at: 1756844225691
[debug] [2025-09-02T19:18:16.481Z] Checked if tokens are valid: true, expires at: 1756844225691
[debug] [2025-09-02T19:18:16.482Z] >>> [apiv2][query] GET https://firebase.googleapis.com/v1beta1/projects pageSize=100
[debug] [2025-09-02T19:18:17.148Z] <<< [apiv2][status] GET https://firebase.googleapis.com/v1beta1/projects 200
[debug] [2025-09-02T19:18:17.149Z] <<< [apiv2][body] GET https://firebase.googleapis.com/v1beta1/projects [omitted]
[info] i  Using project target-drop (target-drop) 
[info] 
=== Hosting Setup
[debug] [2025-09-02T19:18:19.208Z] Checked if tokens are valid: true, expires at: 1756844225691
[debug] [2025-09-02T19:18:19.208Z] Checked if tokens are valid: true, expires at: 1756844225691
[debug] [2025-09-02T19:18:19.208Z] >>> [apiv2][query] GET https://firebase.googleapis.com/v1beta1/projects/target-drop [none]
[debug] [2025-09-02T19:18:19.496Z] <<< [apiv2][status] GET https://firebase.googleapis.com/v1beta1/projects/target-drop 200
[debug] [2025-09-02T19:18:19.496Z] <<< [apiv2][body] GET https://firebase.googleapis.com/v1beta1/projects/target-drop {"projectId":"target-drop","projectNumber":"774974158227","displayName":"target-drop","name":"projects/target-drop","resources":{"hostingSite":"target-drop"},"state":"ACTIVE","etag":"1_cadf3376-d54c-4b88-98c6-270ba890d4ee"}
[info] 
[info] Your public directory is the folder (relative to your project directory) that
[info] will contain Hosting assets to be uploaded with firebase deploy. If you
[info] have a build process for your assets, use your build's output directory.
[info] 
[debug] [2025-09-02T19:19:00.241Z] >>> [apiv2][query] GET https://www.gstatic.com/firebasejs/releases.json [none]
[debug] [2025-09-02T19:19:00.417Z] <<< [apiv2][status] GET https://www.gstatic.com/firebasejs/releases.json 200
[debug] [2025-09-02T19:19:00.417Z] <<< [apiv2][body] GET https://www.gstatic.com/firebasejs/releases.json {"current":{"version":"12.2.1","browserURL":"https://www.gstatic.com/firebasejs/12.2.1/firebase.js","packageURL":"https://www.gstatic.com/firebasejs/12.2.1/firebase.tgz"},"live":{"version":"12.2","browserURL":"https://www.gstatic.com/firebasejs/live/12.2/firebase.js","packageURL":"https://www.gstatic.com/firebasejs/live/12.2/firebase.tgz"},"components":{"ai":"https://www.gstatic.com/firebasejs/12.2.1/firebase-ai.js","analytics":"https://www.gstatic.com/firebasejs/12.2.1/firebase-analytics.js","app":"https://www.gstatic.com/firebasejs/12.2.1/firebase-app.js","app-check":"https://www.gstatic.com/firebasejs/12.2.1/firebase-app-check.js","auth":"https://www.gstatic.com/firebasejs/12.2.1/firebase-auth.js","auth/cordova":"https://www.gstatic.com/firebasejs/12.2.1/firebase-auth/cordova.js","auth/web-extension":"https://www.gstatic.com/firebasejs/12.2.1/firebase-auth/web-extension.js","functions":"https://www.gstatic.com/firebasejs/12.2.1/firebase-functions.js","firestore":"https://www.gstatic.com/firebasejs/12.2.1/firebase-firestore.js","firestore/lite":"https://www.gstatic.com/firebasejs/12.2.1/firebase-firestore/lite.js","installations":"https://www.gstatic.com/firebasejs/12.2.1/firebase-installations.js","storage":"https://www.gstatic.com/firebasejs/12.2.1/firebase-storage.js","performance":"https://www.gstatic.com/firebasejs/12.2.1/firebase-performance.js","remote-config":"https://www.gstatic.com/firebasejs/12.2.1/firebase-remote-config.js","messaging":"https://www.gstatic.com/firebasejs/12.2.1/firebase-messaging.js","messaging/sw":"https://www.gstatic.com/firebasejs/12.2.1/firebase-messaging/sw.js","database":"https://www.gstatic.com/firebasejs/12.2.1/firebase-database.js","data-connect":"https://www.gstatic.com/firebasejs/12.2.1/firebase-data-connect.js","firestore.memory":"https://www.gstatic.com/firebasejs/12.2.1/firebase-firestore.memory.js"}}
[info] ✔  Wrote dist/yooz-target-drop/browser/index.html 
[info] 
[info] i  Detected a .git folder at /Users/nitailevi/dev/yooz-target-drop 
[info] i  Authorizing with GitHub to upload your service account to a GitHub repository's secrets store. 
[info] 
[info] Visit this URL on this device to log in:
[info] https://github.com/login/oauth/authorize?client_id=89cf50f02ac6aaed3484&state=884469199&redirect_uri=http%3A%2F%2Flocalhost%3A9005&scope=read%3Auser%20repo%20public_repo
[info] 
[info] Waiting for authentication...
[debug] [2025-09-02T19:19:21.974Z] >>> [apiv2][query] POST https://github.com/login/oauth/access_token [none]
[debug] [2025-09-02T19:19:21.976Z] >>> [apiv2][body] POST https://github.com/login/oauth/access_token [stream]
[debug] [2025-09-02T19:19:22.484Z] <<< [apiv2][status] POST https://github.com/login/oauth/access_token 200
[debug] [2025-09-02T19:19:22.484Z] <<< [apiv2][body] POST https://github.com/login/oauth/access_token {"access_token":"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","token_type":"bearer","scope":"read:user,repo"}
[debug] [2025-09-02T19:19:22.499Z] >>> [apiv2][query] GET https://api.github.com/user [none]
[debug] [2025-09-02T19:19:22.870Z] <<< [apiv2][status] GET https://api.github.com/user 200
[debug] [2025-09-02T19:19:22.870Z] <<< [apiv2][body] GET https://api.github.com/user {"login":"Nitailevi","id":189346105,"node_id":"U_kgDOC0kxOQ","avatar_url":"https://avatars.githubusercontent.com/u/189346105?v=4","gravatar_id":"","url":"https://api.github.com/users/Nitailevi","html_url":"https://github.com/Nitailevi","followers_url":"https://api.github.com/users/Nitailevi/followers","following_url":"https://api.github.com/users/Nitailevi/following{/other_user}","gists_url":"https://api.github.com/users/Nitailevi/gists{/gist_id}","starred_url":"https://api.github.com/users/Nitailevi/starred{/owner}{/repo}","subscriptions_url":"https://api.github.com/users/Nitailevi/subscriptions","organizations_url":"https://api.github.com/users/Nitailevi/orgs","repos_url":"https://api.github.com/users/Nitailevi/repos","events_url":"https://api.github.com/users/Nitailevi/events{/privacy}","received_events_url":"https://api.github.com/users/Nitailevi/received_events","type":"User","user_view_type":"private","site_admin":false,"name":"Nitai levi","company":null,"blog":"","location":null,"email":null,"hireable":null,"bio":"student in Computer Science at Ben-Gurion University ,Proficient in Java, Python, TypeScript, SQL and C++.","twitter_username":null,"notification_email":null,"public_repos":6,"public_gists":0,"followers":0,"following":0,"created_at":"2024-11-22T10:31:27Z","updated_at":"2025-08-31T13:53:28Z","private_gists":0,"total_private_repos":5,"owned_private_repos":5,"disk_usage":17217,"collaborators":1,"two_factor_authentication":false,"plan":{"name":"free","space":976562499,"collaborators":0,"private_repos":10000}}
[info] 
[info] ✔  Success! Logged into GitHub as Nitailevi 
[info] 
[debug] [2025-09-02T19:22:56.372Z] >>> [apiv2][query] GET https://api.github.com/repos//actions/secrets/public-key type=owner
[debug] [2025-09-02T19:22:56.636Z] <<< [apiv2][status] GET https://api.github.com/repos//actions/secrets/public-key 404
[debug] [2025-09-02T19:22:56.636Z] <<< [apiv2][body] GET https://api.github.com/repos//actions/secrets/public-key {"message":"Not Found","documentation_url":"https://docs.github.com/rest","status":"404"}
[info] 
[info] 
[error] ⚠  The provided authorization cannot be used with this repository. If this repository is in an organization, did you remember to grant access? 
[info] 
[info] i  Action required: Visit this URL to ensure access has been granted to the appropriate organization(s) for the Firebase CLI GitHub OAuth App: 
[info] https://github.com/settings/connections/applications/89cf50f02ac6aaed3484
[info] 
